\BOOKMARK [1][-]{section.1}{\376\377\000I\000n\000t\000r\000o\000d\000u\000c\000t\000i\000o\000n}{}% 1
\BOOKMARK [1][-]{section.2}{\376\377\000B\000a\000c\000k\000g\000r\000o\000u\000n\000d}{}% 2
\BOOKMARK [2][-]{subsection.2.1}{\376\377\000R\000i\000e\000m\000a\000n\000n\000i\000a\000n\000\040\000E\000E\000G\000\040\000P\000r\000o\000c\000e\000s\000s\000i\000n\000g}{section.2}% 3
\BOOKMARK [2][-]{subsection.2.2}{\376\377\000R\000i\000e\000m\000a\000n\000n\000i\000a\000n\000\040\000T\000r\000a\000n\000s\000f\000e\000r\000\040\000L\000e\000a\000r\000n\000i\000n\000g}{section.2}% 4
\BOOKMARK [2][-]{subsection.2.3}{\376\377\000Q\000A\000O\000A\000\040\000a\000n\000d\000\040\000C\000o\000n\000t\000i\000n\000u\000o\000u\000s\000-\000V\000a\000r\000i\000a\000b\000l\000e\000\040\000E\000x\000t\000e\000n\000s\000i\000o\000n\000s}{section.2}% 5
\BOOKMARK [2][-]{subsection.2.4}{\376\377\000P\000r\000e\000t\000t\000y\000\040\000G\000o\000o\000d\000\040\000M\000e\000a\000s\000u\000r\000e\000m\000e\000n\000t}{section.2}% 6
\BOOKMARK [2][-]{subsection.2.5}{\376\377\000M\000O\000A\000B\000B\000\040\000a\000n\000d\000\040\000C\000r\000o\000s\000s\000-\000S\000u\000b\000j\000e\000c\000t\000\040\000E\000v\000a\000l\000u\000a\000t\000i\000o\000n}{section.2}% 7
\BOOKMARK [1][-]{section.3}{\376\377\000M\000e\000t\000h\000o\000d\000s}{}% 8
\BOOKMARK [2][-]{subsection.3.1}{\376\377\000D\000a\000t\000a\000s\000e\000t\000s}{section.3}% 9
\BOOKMARK [2][-]{subsection.3.2}{\376\377\000E\000v\000a\000l\000u\000a\000t\000i\000o\000n\000\040\000P\000r\000o\000t\000o\000c\000o\000l}{section.3}% 10
\BOOKMARK [2][-]{subsection.3.3}{\376\377\000C\000l\000a\000s\000s\000i\000c\000a\000l\000\040\000B\000a\000s\000e\000l\000i\000n\000e\000s}{section.3}% 11
\BOOKMARK [2][-]{subsection.3.4}{\376\377\000Q\000u\000a\000n\000t\000u\000m\000\040\000B\000a\000s\000e\000l\000i\000n\000e\000s}{section.3}% 12
\BOOKMARK [2][-]{subsection.3.5}{\376\377\000N\000o\000v\000e\000l\000\040\000C\000o\000n\000t\000r\000i\000b\000u\000t\000i\000o\000n\000s}{section.3}% 13
\BOOKMARK [3][-]{subsubsection.3.5.1}{\376\377\000Q\000u\000a\000n\000t\000u\000m\000S\000t\000a\000t\000e\000D\000i\000s\000c\000r\000i\000m\000i\000n\000a\000t\000o\000r}{subsection.3.5}% 14
\BOOKMARK [3][-]{subsubsection.3.5.2}{\376\377\000N\000C\000H\000+\000Q\000A\000O\000A\000-\000C\000V\000\040\000\050\000U\000l\000v\000i\000\040\000O\000p\000t\000i\000m\000i\000z\000e\000r\000\051}{subsection.3.5}% 15
\BOOKMARK [2][-]{subsection.3.6}{\376\377\000S\000u\000m\000m\000a\000r\000y\000\040\000o\000f\000\040\000P\000i\000p\000e\000l\000i\000n\000e\000s}{section.3}% 16
\BOOKMARK [1][-]{section.4}{\376\377\000R\000e\000s\000u\000l\000t\000s}{}% 17
\BOOKMARK [2][-]{subsection.4.1}{\376\377\000P\000e\000r\000-\000P\000i\000p\000e\000l\000i\000n\000e\000\040\000A\000U\000C\000\040\000a\000c\000r\000o\000s\000s\000\040\000A\000l\000l\000\040\000D\000a\000t\000a\000s\000e\000t\000s}{section.4}% 18
\BOOKMARK [2][-]{subsection.4.2}{\376\377\000S\000t\000a\000t\000i\000s\000t\000i\000c\000a\000l\000\040\000A\000n\000a\000l\000y\000s\000i\000s}{section.4}% 19
\BOOKMARK [2][-]{subsection.4.3}{\376\377\000E\000f\000f\000e\000c\000t\000\040\000o\000f\000\040\000T\000r\000a\000n\000s\000f\000e\000r\000\040\000L\000e\000a\000r\000n\000i\000n\000g}{section.4}% 20
\BOOKMARK [1][-]{section.5}{\376\377\000A\000b\000l\000a\000t\000i\000o\000n\000\040\000S\000t\000u\000d\000i\000e\000s}{}% 21
\BOOKMARK [2][-]{subsection.5.1}{\376\377\000T\000r\000a\000n\000s\000f\000e\000r\000\040\000L\000e\000a\000r\000n\000i\000n\000g\000\040\000B\000e\000n\000e\000f\000i\000t\000\040\000f\000o\000r\000\040\000N\000C\000H}{section.5}% 22
\BOOKMARK [2][-]{subsection.5.2}{\376\377\000Q\000A\000O\000A\000\040\000C\000i\000r\000c\000u\000i\000t\000\040\000D\000e\000p\000t\000h}{section.5}% 23
\BOOKMARK [2][-]{subsection.5.3}{\376\377\000Q\000I\000O\000C\000E\000\040\000O\000p\000t\000i\000m\000i\000z\000e\000r\000\040\000C\000o\000m\000p\000a\000r\000i\000s\000o\000n}{section.5}% 24
\BOOKMARK [1][-]{section.6}{\376\377\000D\000i\000s\000c\000u\000s\000s\000i\000o\000n}{}% 25
\BOOKMARK [2][-]{subsection.6.1}{\376\377\000Q\000u\000a\000n\000t\000u\000m\000S\000t\000a\000t\000e\000D\000i\000s\000c\000r\000i\000m\000i\000n\000a\000t\000o\000r}{section.6}% 26
\BOOKMARK [2][-]{subsection.6.2}{\376\377\000Q\000A\000O\000A\000-\000C\000V\000\040\000U\000l\000v\000i\000\040\000O\000p\000t\000i\000m\000i\000z\000e\000r\000\040\000a\000n\000d\000\040\000N\000C\000H}{section.6}% 27
\BOOKMARK [2][-]{subsection.6.3}{\376\377\000T\000r\000a\000n\000s\000f\000e\000r\000\040\000L\000e\000a\000r\000n\000i\000n\000g}{section.6}% 28
\BOOKMARK [2][-]{subsection.6.4}{\376\377\000L\000i\000m\000i\000t\000a\000t\000i\000o\000n\000s}{section.6}% 29
\BOOKMARK [1][-]{section.7}{\376\377\000C\000o\000n\000c\000l\000u\000s\000i\000o\000n}{}% 30
